[2023-07-28T10:02:45.078216+02:00] admin_statistics.INFO: Pimcore\Bundle\AdminBundle\Controller\Admin\LoginController::loginAction ["0","pimcore_admin_login",[],[]] []
[2023-07-28T10:02:45.255507+02:00] admin_statistics.INFO: Pimcore\Bundle\AdminBundle\Controller\Admin\SettingsController::displayCustomLogoAction ["0","pimcore_settings_display_custom_logo",[],{"white":"true"}] []
[2023-07-28T10:02:51.076282+02:00] admin_statistics.INFO: Pimcore\Bundle\AdminBundle\Controller\Admin\IndexController::indexAction [2,"pimcore_admin_index",[],[]] []
[2023-07-28T10:02:55.165241+02:00] admin_statistics.INFO: Pimcore\Bundle\AdminBundle\Controller\Admin\UserController::getImageAction [2,"pimcore_admin_user_getimage",[],[]] []
[2023-07-28T10:02:55.184305+02:00] admin_statistics.INFO: Pimcore\Bundle\AdminBundle\Controller\Admin\MiscController::adminCssAction [2,"pimcore_admin_misc_admincss",[],[]] []
[2023-07-28T10:02:55.306998+02:00] admin_statistics.INFO: Pimcore\Bundle\AdminBundle\Controller\Admin\UserController::getCurrentUserAction [2,"pimcore_admin_user_getcurrentuser",[],[]] []
[2023-07-28T10:02:55.333036+02:00] admin_statistics.INFO: Pimcore\Bundle\AdminBundle\Controller\Admin\MiscController::jsonTranslationsSystemAction [2,"pimcore_admin_misc_jsontranslationssystem",[],{"language":"en"}] []
[2023-07-28T10:02:55.377917+02:00] admin_statistics.INFO: Pimcore\Bundle\AdminBundle\Controller\Admin\MiscController::availableLanguagesAction [2,"pimcore_admin_misc_availablelanguages",[],[]] []
[2023-07-28T10:02:55.447478+02:00] admin_statistics.INFO: Pimcore\Bundle\AdminBundle\Controller\Admin\MiscController::scriptProxyAction [2,"pimcore_admin_misc_scriptproxy",[],{"storageFile":"minified_javascript_core_d41d8cd98f00b20..."}] []
[2023-07-28T10:02:55.512519+02:00] admin_statistics.INFO: Pimcore\Bundle\AdminBundle\Controller\Admin\MiscController::scriptProxyAction [2,"pimcore_admin_misc_scriptproxy",[],{"storageFile":"minified_javascript_core_165521ca58303c4..."}] []
[2023-07-28T10:02:56.573522+02:00] admin_statistics.INFO: Pimcore\Bundle\AdminBundle\Controller\Admin\SettingsController::displayCustomLogoAction [2,"pimcore_settings_display_custom_logo",[],[]] []
[2023-07-28T10:02:56.617502+02:00] admin_statistics.INFO: Pimcore\Bundle\AdminBundle\Controller\Admin\Document\DocumentController::treeGetRootAction [2,"pimcore_admin_document_document_treegetroot",[],{"id":"1","view":"","elementType":"document"}] []
[2023-07-28T10:02:56.642478+02:00] admin_statistics.INFO: Pimcore\Bundle\AdminBundle\Controller\Admin\Asset\AssetController::treeGetRootAction [2,"pimcore_admin_asset_treegetroot",[],{"id":"1","view":"","elementType":"asset"}] []
[2023-07-28T10:02:56.661368+02:00] admin_statistics.INFO: Pimcore\Bundle\AdminBundle\Controller\Admin\DataObject\DataObjectController::treeGetRootAction [2,"pimcore_admin_dataobject_dataobject_treegetroot",[],{"id":"","view":"","elementType":"object"}] []
[2023-07-28T10:02:56.680044+02:00] admin_statistics.INFO: Pimcore\Bundle\AdminBundle\Controller\Admin\PortalController::dashboardListAction [2,"pimcore_admin_portal_dashboardlist",[],[]] []
[2023-07-28T10:02:56.737022+02:00] admin_statistics.INFO: Pimcore\Bundle\AdminBundle\Controller\Admin\NotificationController::findLastUnreadAction [2,"pimcore_admin_notification_findlastunread",[],{"lastUpdate":"1690531376"}] []
[2023-07-28T10:02:56.776886+02:00] admin_statistics.INFO: Pimcore\Bundle\AdminBundle\Controller\Admin\Document\DocumentController::docTypesGetAction [2,"pimcore_admin_document_document_doctypesget",[],{"xaction":"read","page":"1","start":"0","limit":"25"}] []
[2023-07-28T10:02:56.801089+02:00] admin_statistics.INFO: Pimcore\Bundle\AdminBundle\Controller\Admin\DataObject\ClassController::getTreeAction [2,"pimcore_admin_dataobject_class_gettree",[],{"page":"1","start":"0","limit":"25"}] []
[2023-07-28T10:02:56.814841+02:00] admin_statistics.INFO: Pimcore\Bundle\AdminBundle\Controller\Admin\DataObject\ClassController::getTreeAction [2,"pimcore_admin_dataobject_class_gettree",[],{"createAllowed":"true","page":"1","start":"0","limit":"25"}] []
[2023-07-28T10:02:56.827256+02:00] admin_statistics.INFO: Pimcore\Bundle\AdminBundle\Controller\Admin\SettingsController::getAvailableAdminLanguagesAction [2,"pimcore_admin_settings_getavailableadminlanguages",[],{"page":"1","start":"0","limit":"25"}] []
[2023-07-28T10:02:56.863483+02:00] admin_statistics.INFO: Pimcore\Bundle\AdminBundle\Controller\Admin\SettingsController::getAvailableSitesAction [2,"pimcore_admin_settings_getavailablesites",[],{"page":"1","start":"0","limit":"25"}] []
[2023-07-28T10:02:57.125913+02:00] admin_statistics.INFO: Pimcore\Bundle\AdminBundle\Controller\Admin\DataObject\DataObjectController::treeGetChildrenByIdAction [2,"pimcore_admin_dataobject_dataobject_treegetchildrenbyid",[],{"limit":"30","view":"","parentPath":"/","page":"1","start":"0","node":"1"}] []
[2023-07-28T10:03:02.157548+02:00] admin_statistics.INFO: Pimcore\Bundle\AdminBundle\Controller\Admin\IndexController::statisticsAction [2,"pimcore_admin_index_statistics",[],[]] []
[2023-07-28T10:04:56.374313+02:00] admin_statistics.INFO: Pimcore\Bundle\AdminBundle\Controller\Admin\NotificationController::findLastUnreadAction [2,"pimcore_admin_notification_findlastunread",[],{"lastUpdate":"1690531376"}] []
[2023-07-28T10:05:26.374954+02:00] admin_statistics.INFO: Pimcore\Bundle\AdminBundle\Controller\Admin\NotificationController::findLastUnreadAction [2,"pimcore_admin_notification_findlastunread",[],{"lastUpdate":"1690531496"}] []
[2023-07-28T10:05:56.365861+02:00] admin_statistics.INFO: Pimcore\Bundle\AdminBundle\Controller\Admin\NotificationController::findLastUnreadAction [2,"pimcore_admin_notification_findlastunread",[],{"lastUpdate":"1690531526"}] []
[2023-07-28T10:06:26.375547+02:00] admin_statistics.INFO: Pimcore\Bundle\AdminBundle\Controller\Admin\NotificationController::findLastUnreadAction [2,"pimcore_admin_notification_findlastunread",[],{"lastUpdate":"1690531556"}] []
[2023-07-28T10:25:57.297993+02:00] admin_statistics.INFO: Pimcore\Bundle\AdminBundle\Controller\Admin\MiscController::pingAction [2,"pimcore_admin_misc_ping",[],[]] []
[2023-07-28T10:46:38.435089+02:00] admin_statistics.INFO: Symfony\Bundle\FrameworkBundle\Controller\RedirectController::urlRedirectAction [2,"pimcore_admin_index",{"path":"/admin/","permanent":true,"scheme":null,"httpPort":80,"httpsPort":443},[]] []
[2023-07-28T10:46:38.472612+02:00] admin_statistics.INFO: Pimcore\Bundle\AdminBundle\Controller\Admin\IndexController::indexAction [2,"pimcore_admin_index",[],[]] []
[2023-07-28T10:46:38.744624+02:00] admin_statistics.INFO: Pimcore\Bundle\AdminBundle\Controller\Admin\UserController::getImageAction [2,"pimcore_admin_user_getimage",[],[]] []
[2023-07-28T10:46:38.889047+02:00] admin_statistics.INFO: Pimcore\Bundle\AdminBundle\Controller\Admin\MiscController::adminCssAction [2,"pimcore_admin_misc_admincss",[],[]] []
[2023-07-28T10:46:38.924295+02:00] admin_statistics.INFO: Pimcore\Bundle\AdminBundle\Controller\Admin\MiscController::jsonTranslationsSystemAction [2,"pimcore_admin_misc_jsontranslationssystem",[],{"language":"en"}] []
[2023-07-28T10:46:38.996442+02:00] admin_statistics.INFO: Pimcore\Bundle\AdminBundle\Controller\Admin\UserController::getCurrentUserAction [2,"pimcore_admin_user_getcurrentuser",[],[]] []
[2023-07-28T10:46:39.015397+02:00] admin_statistics.INFO: Pimcore\Bundle\AdminBundle\Controller\Admin\MiscController::availableLanguagesAction [2,"pimcore_admin_misc_availablelanguages",[],[]] []
[2023-07-28T10:46:39.061341+02:00] admin_statistics.INFO: Pimcore\Bundle\AdminBundle\Controller\Admin\MiscController::scriptProxyAction [2,"pimcore_admin_misc_scriptproxy",[],{"storageFile":"minified_javascript_core_d41d8cd98f00b20..."}] []
[2023-07-28T10:46:40.190245+02:00] admin_statistics.INFO: Pimcore\Bundle\AdminBundle\Controller\Admin\SettingsController::displayCustomLogoAction [2,"pimcore_settings_display_custom_logo",[],[]] []
[2023-07-28T10:46:40.247572+02:00] admin_statistics.INFO: Pimcore\Bundle\AdminBundle\Controller\Admin\Document\DocumentController::treeGetRootAction [2,"pimcore_admin_document_document_treegetroot",[],{"id":"1","view":"","elementType":"document"}] []
[2023-07-28T10:46:40.279582+02:00] admin_statistics.INFO: Pimcore\Bundle\AdminBundle\Controller\Admin\DataObject\DataObjectController::treeGetRootAction [2,"pimcore_admin_dataobject_dataobject_treegetroot",[],{"id":"","view":"","elementType":"object"}] []
[2023-07-28T10:46:40.326062+02:00] admin_statistics.INFO: Pimcore\Bundle\AdminBundle\Controller\Admin\Asset\AssetController::treeGetRootAction [2,"pimcore_admin_asset_treegetroot",[],{"id":"1","view":"","elementType":"asset"}] []
[2023-07-28T10:46:40.368697+02:00] admin_statistics.INFO: Pimcore\Bundle\AdminBundle\Controller\Admin\PortalController::dashboardListAction [2,"pimcore_admin_portal_dashboardlist",[],[]] []
[2023-07-28T10:46:40.407121+02:00] admin_statistics.INFO: Pimcore\Bundle\AdminBundle\Controller\Admin\NotificationController::findLastUnreadAction [2,"pimcore_admin_notification_findlastunread",[],{"lastUpdate":"1690533999"}] []
[2023-07-28T10:46:40.429566+02:00] admin_statistics.INFO: Pimcore\Bundle\AdminBundle\Controller\Admin\DataObject\ClassController::getTreeAction [2,"pimcore_admin_dataobject_class_gettree",[],{"createAllowed":"true","page":"1","start":"0","limit":"25"}] []
[2023-07-28T10:46:40.451057+02:00] admin_statistics.INFO: Pimcore\Bundle\AdminBundle\Controller\Admin\Document\DocumentController::docTypesGetAction [2,"pimcore_admin_document_document_doctypesget",[],{"xaction":"read","page":"1","start":"0","limit":"25"}] []
[2023-07-28T10:46:40.483814+02:00] admin_statistics.INFO: Pimcore\Bundle\AdminBundle\Controller\Admin\DataObject\ClassController::getTreeAction [2,"pimcore_admin_dataobject_class_gettree",[],{"page":"1","start":"0","limit":"25"}] []
[2023-07-28T10:46:40.507795+02:00] admin_statistics.INFO: Pimcore\Bundle\AdminBundle\Controller\Admin\SettingsController::getAvailableAdminLanguagesAction [2,"pimcore_admin_settings_getavailableadminlanguages",[],{"page":"1","start":"0","limit":"25"}] []
[2023-07-28T10:46:40.533982+02:00] admin_statistics.INFO: Pimcore\Bundle\AdminBundle\Controller\Admin\SettingsController::getAvailableSitesAction [2,"pimcore_admin_settings_getavailablesites",[],{"page":"1","start":"0","limit":"25"}] []
[2023-07-28T10:46:40.769150+02:00] admin_statistics.INFO: Pimcore\Bundle\AdminBundle\Controller\Admin\DataObject\DataObjectController::treeGetChildrenByIdAction [2,"pimcore_admin_dataobject_dataobject_treegetchildrenbyid",[],{"limit":"30","view":"","parentPath":"/","page":"1","start":"0","node":"1"}] []
[2023-07-28T10:46:42.663018+02:00] admin_statistics.INFO: Pimcore\Bundle\AdminBundle\Controller\Admin\Document\PageController::getDataByIdAction [2,"pimcore_admin_document_page_getdatabyid",[],{"id":"1"}] []
[2023-07-28T10:46:43.253009+02:00] admin_statistics.INFO: Pimcore\Bundle\AdminBundle\Controller\Admin\MiscController::scriptProxyAction [2,"pimcore_admin_misc_scriptproxy",[],{"storageFile":"minified_javascript_core_fd83f418acd3df9..."}] []
[2023-07-28T10:46:43.282524+02:00] admin_statistics.INFO: Pimcore\Bundle\AdminBundle\Controller\Admin\MiscController::jsonTranslationsSystemAction [2,"pimcore_admin_misc_jsontranslationssystem",[],{"language":"en"}] []
[2023-07-28T10:46:45.483980+02:00] admin_statistics.INFO: Pimcore\Bundle\AdminBundle\Controller\Admin\IndexController::statisticsAction [2,"pimcore_admin_index_statistics",[],[]] []
[2023-07-28T10:47:09.893579+02:00] admin_statistics.INFO: Pimcore\Bundle\AdminBundle\Controller\Admin\NotificationController::findLastUnreadAction [2,"pimcore_admin_notification_findlastunread",[],{"lastUpdate":"1690534000"}] []
[2023-07-28T10:47:09.908513+02:00] admin_statistics.INFO: Pimcore\Bundle\AdminBundle\Controller\Admin\TranslationController::addAdminTranslationKeysAction [2,"pimcore_admin_translation_addadmintranslationkeys",[],{"keys":"[\"SEO\"]"}] []
[2023-07-28T10:47:39.884204+02:00] admin_statistics.INFO: Pimcore\Bundle\AdminBundle\Controller\Admin\NotificationController::findLastUnreadAction [2,"pimcore_admin_notification_findlastunread",[],{"lastUpdate":"1690534029"}] []
[2023-07-28T10:48:56.853700+02:00] admin_statistics.INFO: Pimcore\Bundle\AdminBundle\Controller\Admin\MiscController::pingAction [2,"pimcore_admin_misc_ping",[],[]] []
[2023-07-28T10:48:59.345683+02:00] admin_statistics.INFO: Pimcore\Bundle\AdminBundle\Controller\Admin\IndexController::indexAction [2,"pimcore_admin_index",[],[]] []
[2023-07-28T10:48:59.489521+02:00] admin_statistics.INFO: Pimcore\Bundle\AdminBundle\Controller\Admin\UserController::getImageAction [2,"pimcore_admin_user_getimage",[],[]] []
[2023-07-28T10:48:59.629572+02:00] admin_statistics.INFO: Pimcore\Bundle\AdminBundle\Controller\Admin\MiscController::adminCssAction [2,"pimcore_admin_misc_admincss",[],[]] []
[2023-07-28T10:48:59.647414+02:00] admin_statistics.INFO: Pimcore\Bundle\AdminBundle\Controller\Admin\MiscController::jsonTranslationsSystemAction [2,"pimcore_admin_misc_jsontranslationssystem",[],{"language":"en"}] []
[2023-07-28T10:48:59.700613+02:00] admin_statistics.INFO: Pimcore\Bundle\AdminBundle\Controller\Admin\UserController::getCurrentUserAction [2,"pimcore_admin_user_getcurrentuser",[],[]] []
[2023-07-28T10:48:59.746958+02:00] admin_statistics.INFO: Pimcore\Bundle\AdminBundle\Controller\Admin\MiscController::availableLanguagesAction [2,"pimcore_admin_misc_availablelanguages",[],[]] []
[2023-07-28T10:48:59.827168+02:00] admin_statistics.INFO: Pimcore\Bundle\AdminBundle\Controller\Admin\MiscController::scriptProxyAction [2,"pimcore_admin_misc_scriptproxy",[],{"storageFile":"minified_javascript_core_d41d8cd98f00b20..."}] []
[2023-07-28T10:49:00.983778+02:00] admin_statistics.INFO: Pimcore\Bundle\AdminBundle\Controller\Admin\SettingsController::displayCustomLogoAction [2,"pimcore_settings_display_custom_logo",[],[]] []
[2023-07-28T10:49:01.023200+02:00] admin_statistics.INFO: Pimcore\Bundle\AdminBundle\Controller\Admin\Document\DocumentController::treeGetRootAction [2,"pimcore_admin_document_document_treegetroot",[],{"id":"1","view":"","elementType":"document"}] []
[2023-07-28T10:49:01.050031+02:00] admin_statistics.INFO: Pimcore\Bundle\AdminBundle\Controller\Admin\PortalController::dashboardListAction [2,"pimcore_admin_portal_dashboardlist",[],[]] []
[2023-07-28T10:49:01.065136+02:00] admin_statistics.INFO: Pimcore\Bundle\AdminBundle\Controller\Admin\Asset\AssetController::treeGetRootAction [2,"pimcore_admin_asset_treegetroot",[],{"id":"1","view":"","elementType":"asset"}] []
[2023-07-28T10:49:01.086647+02:00] admin_statistics.INFO: Pimcore\Bundle\AdminBundle\Controller\Admin\DataObject\DataObjectController::treeGetRootAction [2,"pimcore_admin_dataobject_dataobject_treegetroot",[],{"id":"","view":"","elementType":"object"}] []
[2023-07-28T10:49:01.131300+02:00] admin_statistics.INFO: Pimcore\Bundle\AdminBundle\Controller\Admin\NotificationController::findLastUnreadAction [2,"pimcore_admin_notification_findlastunread",[],{"lastUpdate":"1690534140"}] []
[2023-07-28T10:49:01.196546+02:00] admin_statistics.INFO: Pimcore\Bundle\AdminBundle\Controller\Admin\DataObject\ClassController::getTreeAction [2,"pimcore_admin_dataobject_class_gettree",[],{"createAllowed":"true","page":"1","start":"0","limit":"25"}] []
[2023-07-28T10:49:01.220749+02:00] admin_statistics.INFO: Pimcore\Bundle\AdminBundle\Controller\Admin\Document\DocumentController::docTypesGetAction [2,"pimcore_admin_document_document_doctypesget",[],{"xaction":"read","page":"1","start":"0","limit":"25"}] []
[2023-07-28T10:49:01.238330+02:00] admin_statistics.INFO: Pimcore\Bundle\AdminBundle\Controller\Admin\SettingsController::getAvailableSitesAction [2,"pimcore_admin_settings_getavailablesites",[],{"page":"1","start":"0","limit":"25"}] []
[2023-07-28T10:49:01.255968+02:00] admin_statistics.INFO: Pimcore\Bundle\AdminBundle\Controller\Admin\DataObject\ClassController::getTreeAction [2,"pimcore_admin_dataobject_class_gettree",[],{"page":"1","start":"0","limit":"25"}] []
[2023-07-28T10:49:01.275337+02:00] admin_statistics.INFO: Pimcore\Bundle\AdminBundle\Controller\Admin\SettingsController::getAvailableAdminLanguagesAction [2,"pimcore_admin_settings_getavailableadminlanguages",[],{"page":"1","start":"0","limit":"25"}] []
[2023-07-28T10:49:01.495745+02:00] admin_statistics.INFO: Pimcore\Bundle\AdminBundle\Controller\Admin\DataObject\DataObjectController::treeGetChildrenByIdAction [2,"pimcore_admin_dataobject_dataobject_treegetchildrenbyid",[],{"limit":"30","view":"","parentPath":"/","page":"1","start":"0","node":"1"}] []
[2023-07-28T10:49:02.172898+02:00] admin_statistics.INFO: Pimcore\Bundle\AdminBundle\Controller\Admin\Document\PageController::getDataByIdAction [2,"pimcore_admin_document_page_getdatabyid",[],{"id":"1"}] []
[2023-07-28T10:49:02.692456+02:00] admin_statistics.INFO: Pimcore\Bundle\AdminBundle\Controller\Admin\MiscController::jsonTranslationsSystemAction [2,"pimcore_admin_misc_jsontranslationssystem",[],{"language":"en"}] []
[2023-07-28T10:49:06.281944+02:00] admin_statistics.INFO: Pimcore\Bundle\AdminBundle\Controller\Admin\IndexController::statisticsAction [2,"pimcore_admin_index_statistics",[],[]] []
[2023-07-28T10:49:30.700895+02:00] admin_statistics.INFO: Pimcore\Bundle\AdminBundle\Controller\Admin\NotificationController::findLastUnreadAction [2,"pimcore_admin_notification_findlastunread",[],{"lastUpdate":"1690534141"}] []
[2023-07-28T10:50:00.687193+02:00] admin_statistics.INFO: Pimcore\Bundle\AdminBundle\Controller\Admin\NotificationController::findLastUnreadAction [2,"pimcore_admin_notification_findlastunread",[],{"lastUpdate":"1690534170"}] []
[2023-07-28T10:50:28.416661+02:00] admin_statistics.INFO: Pimcore\Bundle\AdminBundle\Controller\Admin\ElementController::unlockElementAction [2,"pimcore_admin_element_unlockelement",[],{"id":"1","type":"document"}] []
[2023-07-28T10:50:28.439521+02:00] admin_statistics.INFO: Pimcore\Bundle\AdminBundle\Controller\Admin\Document\PageController::removeFromSessionAction [2,"pimcore_admin_document_page_removefromsession",[],{"id":"1"}] []
[2023-07-28T10:50:28.899286+02:00] admin_statistics.INFO: Pimcore\Bundle\AdminBundle\Controller\Admin\Document\PageController::getDataByIdAction [2,"pimcore_admin_document_page_getdatabyid",[],{"id":"1"}] []
[2023-07-28T10:50:29.385943+02:00] admin_statistics.INFO: Pimcore\Bundle\AdminBundle\Controller\Admin\MiscController::jsonTranslationsSystemAction [2,"pimcore_admin_misc_jsontranslationssystem",[],{"language":"en"}] []
[2023-07-28T10:50:30.679958+02:00] admin_statistics.INFO: Pimcore\Bundle\AdminBundle\Controller\Admin\NotificationController::findLastUnreadAction [2,"pimcore_admin_notification_findlastunread",[],{"lastUpdate":"1690534200"}] []
[2023-07-28T10:50:43.754122+02:00] admin_statistics.INFO: Pimcore\Bundle\AdminBundle\Controller\Admin\MiscController::getValidFilenameAction [2,"pimcore_admin_misc_getvalidfilename",[],{"value":"About","type":"document"}] []
[2023-07-28T10:50:43.801460+02:00] admin_statistics.INFO: Pimcore\Bundle\AdminBundle\Controller\Admin\Document\DocumentController::addAction [2,"pimcore_admin_document_document_add",[],{"title":"About","name":"About","key":"About","type":"page","docTypeId":"false","elementType":"document","index":"0","parentId":"1"}] []
[2023-07-28T10:50:43.943778+02:00] admin_statistics.INFO: Pimcore\Bundle\AdminBundle\Controller\Admin\Document\PageController::getDataByIdAction [2,"pimcore_admin_document_page_getdatabyid",[],{"id":"2"}] []
[2023-07-28T10:50:43.984481+02:00] admin_statistics.INFO: Pimcore\Bundle\AdminBundle\Controller\Admin\Document\DocumentController::treeGetChildrenByIdAction [2,"pimcore_admin_document_document_treegetchildrenbyid",[],{"limit":"50","view":"","page":"1","start":"0","node":"1"}] []
[2023-07-28T10:50:44.417376+02:00] admin_statistics.INFO: Pimcore\Bundle\AdminBundle\Controller\Admin\MiscController::jsonTranslationsSystemAction [2,"pimcore_admin_misc_jsontranslationssystem",[],{"language":"en"}] []
[2023-07-28T10:50:50.485285+02:00] admin_statistics.INFO: Pimcore\Bundle\AdminBundle\Controller\Admin\MiscController::getValidFilenameAction [2,"pimcore_admin_misc_getvalidfilename",[],{"value":"Project","type":"document"}] []
[2023-07-28T10:50:50.544656+02:00] admin_statistics.INFO: Pimcore\Bundle\AdminBundle\Controller\Admin\Document\DocumentController::addAction [2,"pimcore_admin_document_document_add",[],{"title":"Project","name":"Project","key":"Project","type":"page","docTypeId":"false","elementType":"document","index":"1","parentId":"1"}] []
[2023-07-28T10:50:50.656577+02:00] admin_statistics.INFO: Pimcore\Bundle\AdminBundle\Controller\Admin\Document\PageController::getDataByIdAction [2,"pimcore_admin_document_page_getdatabyid",[],{"id":"3"}] []
[2023-07-28T10:50:50.677498+02:00] admin_statistics.INFO: Pimcore\Bundle\AdminBundle\Controller\Admin\Document\DocumentController::treeGetChildrenByIdAction [2,"pimcore_admin_document_document_treegetchildrenbyid",[],{"limit":"50","view":"","fromPaging":"0","start":"0","page":"1","node":"1"}] []
[2023-07-28T10:50:51.095135+02:00] admin_statistics.INFO: Pimcore\Bundle\AdminBundle\Controller\Admin\MiscController::jsonTranslationsSystemAction [2,"pimcore_admin_misc_jsontranslationssystem",[],{"language":"en"}] []
[2023-07-28T10:51:00.086486+02:00] admin_statistics.INFO: Pimcore\Bundle\AdminBundle\Controller\Admin\MiscController::getValidFilenameAction [2,"pimcore_admin_misc_getvalidfilename",[],{"value":"Product","type":"document"}] []
[2023-07-28T10:51:00.146480+02:00] admin_statistics.INFO: Pimcore\Bundle\AdminBundle\Controller\Admin\Document\DocumentController::addAction [2,"pimcore_admin_document_document_add",[],{"title":"Product","name":"Product","key":"Product","type":"page","docTypeId":"false","elementType":"document","index":"2","parentId":"1"}] []
[2023-07-28T10:51:00.251827+02:00] admin_statistics.INFO: Pimcore\Bundle\AdminBundle\Controller\Admin\Document\PageController::getDataByIdAction [2,"pimcore_admin_document_page_getdatabyid",[],{"id":"4"}] []
[2023-07-28T10:51:00.274296+02:00] admin_statistics.INFO: Pimcore\Bundle\AdminBundle\Controller\Admin\Document\DocumentController::treeGetChildrenByIdAction [2,"pimcore_admin_document_document_treegetchildrenbyid",[],{"limit":"50","view":"","fromPaging":"0","start":"0","page":"1","node":"1"}] []
[2023-07-28T10:51:00.698264+02:00] admin_statistics.INFO: Pimcore\Bundle\AdminBundle\Controller\Admin\MiscController::jsonTranslationsSystemAction [2,"pimcore_admin_misc_jsontranslationssystem",[],{"language":"en"}] []
[2023-07-28T10:51:00.891050+02:00] admin_statistics.INFO: Pimcore\Bundle\AdminBundle\Controller\Admin\NotificationController::findLastUnreadAction [2,"pimcore_admin_notification_findlastunread",[],{"lastUpdate":"1690534230"}] []
[2023-07-28T10:51:03.686518+02:00] admin_statistics.INFO: Pimcore\Bundle\AdminBundle\Controller\Admin\Document\DocumentController::deleteInfoAction [2,"pimcore_admin_document_document_deleteinfo",[],{"id":"3","type":"document"}] []
[2023-07-28T10:51:04.720487+02:00] admin_statistics.INFO: Pimcore\Bundle\AdminBundle\Controller\Admin\ElementController::unlockElementAction [2,"pimcore_admin_element_unlockelement",[],{"id":"3","type":"document"}] []
[2023-07-28T10:51:04.737426+02:00] admin_statistics.INFO: Pimcore\Bundle\AdminBundle\Controller\Admin\Document\PageController::removeFromSessionAction [2,"pimcore_admin_document_page_removefromsession",[],{"id":"3"}] []
[2023-07-28T10:51:04.902805+02:00] admin_statistics.INFO: Pimcore\Bundle\AdminBundle\Controller\Admin\RecyclebinController::addAction [2,"pimcore_admin_recyclebin_add",[],{"type":"document","id":"3"}] []
[2023-07-28T10:51:05.056637+02:00] admin_statistics.INFO: Pimcore\Bundle\AdminBundle\Controller\Admin\Document\DocumentController::deleteAction [2,"pimcore_admin_document_document_delete",[],{"id":"3"}] []
[2023-07-28T10:51:05.169616+02:00] admin_statistics.INFO: Pimcore\Bundle\AdminBundle\Controller\Admin\Document\DocumentController::treeGetChildrenByIdAction [2,"pimcore_admin_document_document_treegetchildrenbyid",[],{"limit":"50","view":"","fromPaging":"0","start":"0","page":"1","node":"1"}] []
[2023-07-28T10:51:19.582918+02:00] admin_statistics.INFO: Pimcore\Bundle\AdminBundle\Controller\Admin\MiscController::getValidFilenameAction [2,"pimcore_admin_misc_getvalidfilename",[],{"value":"Main","type":"document"}] []
[2023-07-28T10:51:19.642699+02:00] admin_statistics.INFO: Pimcore\Bundle\AdminBundle\Controller\Admin\Document\DocumentController::addAction [2,"pimcore_admin_document_document_add",[],{"title":"Main","name":"Main","key":"Main","type":"page","docTypeId":"false","elementType":"document","index":"2","parentId":"1"}] []
[2023-07-28T10:51:19.753366+02:00] admin_statistics.INFO: Pimcore\Bundle\AdminBundle\Controller\Admin\Document\PageController::getDataByIdAction [2,"pimcore_admin_document_page_getdatabyid",[],{"id":"5"}] []
[2023-07-28T10:51:19.790384+02:00] admin_statistics.INFO: Pimcore\Bundle\AdminBundle\Controller\Admin\Document\DocumentController::treeGetChildrenByIdAction [2,"pimcore_admin_document_document_treegetchildrenbyid",[],{"limit":"50","view":"","fromPaging":"0","start":"0","page":"1","node":"1"}] []
[2023-07-28T10:51:20.212439+02:00] admin_statistics.INFO: Pimcore\Bundle\AdminBundle\Controller\Admin\MiscController::jsonTranslationsSystemAction [2,"pimcore_admin_misc_jsontranslationssystem",[],{"language":"en"}] []
[2023-07-28T10:51:30.705201+02:00] admin_statistics.INFO: Pimcore\Bundle\AdminBundle\Controller\Admin\NotificationController::findLastUnreadAction [2,"pimcore_admin_notification_findlastunread",[],{"lastUpdate":"1690534260"}] []
[2023-07-28T10:51:37.506675+02:00] admin_statistics.INFO: Pimcore\Bundle\AdminBundle\Controller\Admin\ElementController::unlockElementAction [2,"pimcore_admin_element_unlockelement",[],{"id":"1","type":"document"}] []
[2023-07-28T10:51:37.526279+02:00] admin_statistics.INFO: Pimcore\Bundle\AdminBundle\Controller\Admin\Document\PageController::removeFromSessionAction [2,"pimcore_admin_document_page_removefromsession",[],{"id":"1"}] []
[2023-07-28T10:51:40.581939+02:00] admin_statistics.INFO: Pimcore\Bundle\AdminBundle\Controller\Admin\MiscController::getAvailableControllerReferencesAction [2,"pimcore_admin_misc_getavailablecontroller_references",[],{"page":"1","start":"0","limit":"25"}] []
[2023-07-28T10:51:40.597363+02:00] admin_statistics.INFO: Pimcore\Bundle\AdminBundle\Controller\Admin\MiscController::getAvailableTemplatesAction [2,"pimcore_admin_misc_getavailabletemplates",[],{"page":"1","start":"0","limit":"25"}] []
[2023-07-28T10:52:00.691815+02:00] admin_statistics.INFO: Pimcore\Bundle\AdminBundle\Controller\Admin\NotificationController::findLastUnreadAction [2,"pimcore_admin_notification_findlastunread",[],{"lastUpdate":"1690534290"}] []
[2023-07-28T10:52:32.691150+02:00] admin_statistics.INFO: Pimcore\Bundle\AdminBundle\Controller\Admin\NotificationController::findLastUnreadAction [2,"pimcore_admin_notification_findlastunread",[],{"lastUpdate":"1690534320"}] []
[2023-07-28T10:53:00.727716+02:00] admin_statistics.INFO: Pimcore\Bundle\AdminBundle\Controller\Admin\NotificationController::findLastUnreadAction [2,"pimcore_admin_notification_findlastunread",[],{"lastUpdate":"1690534350"}] []
[2023-07-28T10:53:13.844286+02:00] admin_statistics.INFO: Pimcore\Bundle\AdminBundle\Controller\Admin\MiscController::getAvailableTemplatesAction [2,"pimcore_admin_misc_getavailabletemplates",[],{"page":"1","start":"0","limit":"25"}] []
[2023-07-28T10:53:13.856472+02:00] admin_statistics.INFO: Pimcore\Bundle\AdminBundle\Controller\Admin\MiscController::getAvailableControllerReferencesAction [2,"pimcore_admin_misc_getavailablecontroller_references",[],{"page":"1","start":"0","limit":"25"}] []
[2023-07-28T10:53:15.346544+02:00] admin_statistics.INFO: Pimcore\Bundle\AdminBundle\Controller\Admin\Document\PageController::saveToSessionAction [2,"pimcore_admin_document_page_savetosession",[],{"id":"4","data":"{}","settings":"{\"title\":\"Product\",\"description\":\"\",\"pre..."}] []
[2023-07-28T10:53:30.699041+02:00] admin_statistics.INFO: Pimcore\Bundle\AdminBundle\Controller\Admin\NotificationController::findLastUnreadAction [2,"pimcore_admin_notification_findlastunread",[],{"lastUpdate":"1690534380"}] []
[2023-07-28T10:54:00.705822+02:00] admin_statistics.INFO: Pimcore\Bundle\AdminBundle\Controller\Admin\NotificationController::findLastUnreadAction [2,"pimcore_admin_notification_findlastunread",[],{"lastUpdate":"1690534410"}] []
[2023-07-28T10:54:32.106805+02:00] admin_statistics.INFO: Pimcore\Bundle\AdminBundle\Controller\Admin\NotificationController::findLastUnreadAction [2,"pimcore_admin_notification_findlastunread",[],{"lastUpdate":"1690534440"}] []
[2023-07-28T10:55:00.814861+02:00] admin_statistics.INFO: Pimcore\Bundle\AdminBundle\Controller\Admin\NotificationController::findLastUnreadAction [2,"pimcore_admin_notification_findlastunread",[],{"lastUpdate":"1690534470"}] []
[2023-07-28T11:03:54.453004+02:00] admin_statistics.INFO: Pimcore\Bundle\AdminBundle\Controller\Admin\IndexController::indexAction [2,"pimcore_admin_index",[],[]] []
[2023-07-28T11:03:54.667020+02:00] admin_statistics.INFO: Pimcore\Bundle\AdminBundle\Controller\Admin\UserController::getImageAction [2,"pimcore_admin_user_getimage",[],[]] []
[2023-07-28T11:03:54.799390+02:00] admin_statistics.INFO: Pimcore\Bundle\AdminBundle\Controller\Admin\MiscController::adminCssAction [2,"pimcore_admin_misc_admincss",[],[]] []
[2023-07-28T11:03:54.833580+02:00] admin_statistics.INFO: Pimcore\Bundle\AdminBundle\Controller\Admin\MiscController::jsonTranslationsSystemAction [2,"pimcore_admin_misc_jsontranslationssystem",[],{"language":"en"}] []
[2023-07-28T11:03:54.918067+02:00] admin_statistics.INFO: Pimcore\Bundle\AdminBundle\Controller\Admin\UserController::getCurrentUserAction [2,"pimcore_admin_user_getcurrentuser",[],[]] []
[2023-07-28T11:03:54.945365+02:00] admin_statistics.INFO: Pimcore\Bundle\AdminBundle\Controller\Admin\MiscController::availableLanguagesAction [2,"pimcore_admin_misc_availablelanguages",[],[]] []
[2023-07-28T11:03:55.025088+02:00] admin_statistics.INFO: Pimcore\Bundle\AdminBundle\Controller\Admin\MiscController::scriptProxyAction [2,"pimcore_admin_misc_scriptproxy",[],{"storageFile":"minified_javascript_core_d41d8cd98f00b20..."}] []
[2023-07-28T11:03:56.206939+02:00] admin_statistics.INFO: Pimcore\Bundle\AdminBundle\Controller\Admin\Document\DocumentController::treeGetRootAction [2,"pimcore_admin_document_document_treegetroot",[],{"id":"1","view":"","elementType":"document"}] []
[2023-07-28T11:03:56.236939+02:00] admin_statistics.INFO: Pimcore\Bundle\AdminBundle\Controller\Admin\SettingsController::displayCustomLogoAction [2,"pimcore_settings_display_custom_logo",[],[]] []
[2023-07-28T11:03:56.250702+02:00] admin_statistics.INFO: Pimcore\Bundle\AdminBundle\Controller\Admin\Asset\AssetController::treeGetRootAction [2,"pimcore_admin_asset_treegetroot",[],{"id":"1","view":"","elementType":"asset"}] []
[2023-07-28T11:03:56.272665+02:00] admin_statistics.INFO: Pimcore\Bundle\AdminBundle\Controller\Admin\PortalController::dashboardListAction [2,"pimcore_admin_portal_dashboardlist",[],[]] []
[2023-07-28T11:03:56.296241+02:00] admin_statistics.INFO: Pimcore\Bundle\AdminBundle\Controller\Admin\DataObject\DataObjectController::treeGetRootAction [2,"pimcore_admin_dataobject_dataobject_treegetroot",[],{"id":"","view":"","elementType":"object"}] []
[2023-07-28T11:03:56.366068+02:00] admin_statistics.INFO: Pimcore\Bundle\AdminBundle\Controller\Admin\NotificationController::findLastUnreadAction [2,"pimcore_admin_notification_findlastunread",[],{"lastUpdate":"1690535035"}] []
[2023-07-28T11:03:56.401004+02:00] admin_statistics.INFO: Pimcore\Bundle\AdminBundle\Controller\Admin\Document\DocumentController::docTypesGetAction [2,"pimcore_admin_document_document_doctypesget",[],{"xaction":"read","page":"1","start":"0","limit":"25"}] []
[2023-07-28T11:03:56.414795+02:00] admin_statistics.INFO: Pimcore\Bundle\AdminBundle\Controller\Admin\DataObject\ClassController::getTreeAction [2,"pimcore_admin_dataobject_class_gettree",[],{"page":"1","start":"0","limit":"25"}] []
[2023-07-28T11:03:56.432288+02:00] admin_statistics.INFO: Pimcore\Bundle\AdminBundle\Controller\Admin\DataObject\ClassController::getTreeAction [2,"pimcore_admin_dataobject_class_gettree",[],{"createAllowed":"true","page":"1","start":"0","limit":"25"}] []
[2023-07-28T11:03:56.473895+02:00] admin_statistics.INFO: Pimcore\Bundle\AdminBundle\Controller\Admin\SettingsController::getAvailableAdminLanguagesAction [2,"pimcore_admin_settings_getavailableadminlanguages",[],{"page":"1","start":"0","limit":"25"}] []
[2023-07-28T11:03:56.515011+02:00] admin_statistics.INFO: Pimcore\Bundle\AdminBundle\Controller\Admin\SettingsController::getAvailableSitesAction [2,"pimcore_admin_settings_getavailablesites",[],{"page":"1","start":"0","limit":"25"}] []
[2023-07-28T11:03:56.574228+02:00] admin_statistics.INFO: Pimcore\Bundle\AdminBundle\Controller\Admin\Document\DocumentController::treeGetChildrenByIdAction [2,"pimcore_admin_document_document_treegetchildrenbyid",[],{"limit":"50","view":"","page":"1","start":"0","node":"1"}] []
[2023-07-28T11:03:56.782924+02:00] admin_statistics.INFO: Pimcore\Bundle\AdminBundle\Controller\Admin\DataObject\DataObjectController::treeGetChildrenByIdAction [2,"pimcore_admin_dataobject_dataobject_treegetchildrenbyid",[],{"limit":"30","view":"","parentPath":"/","page":"1","start":"0","node":"1"}] []
[2023-07-28T11:03:57.421446+02:00] admin_statistics.INFO: Pimcore\Bundle\AdminBundle\Controller\Admin\Document\PageController::getDataByIdAction [2,"pimcore_admin_document_page_getdatabyid",[],{"id":"2"}] []
[2023-07-28T11:03:57.463862+02:00] admin_statistics.INFO: Pimcore\Bundle\AdminBundle\Controller\Admin\Document\PageController::getDataByIdAction [2,"pimcore_admin_document_page_getdatabyid",[],{"id":"4"}] []
[2023-07-28T11:03:57.498093+02:00] admin_statistics.INFO: Pimcore\Bundle\AdminBundle\Controller\Admin\Document\PageController::getDataByIdAction [2,"pimcore_admin_document_page_getdatabyid",[],{"id":"5"}] []
[2023-07-28T11:03:58.578690+02:00] admin_statistics.INFO: Pimcore\Bundle\AdminBundle\Controller\Admin\MiscController::jsonTranslationsSystemAction [2,"pimcore_admin_misc_jsontranslationssystem",[],{"language":"en"}] []
[2023-07-28T11:03:58.788422+02:00] admin_statistics.INFO: Pimcore\Bundle\AdminBundle\Controller\Admin\MiscController::jsonTranslationsSystemAction [2,"pimcore_admin_misc_jsontranslationssystem",[],{"language":"en"}] []
[2023-07-28T11:03:58.956840+02:00] admin_statistics.INFO: Pimcore\Bundle\AdminBundle\Controller\Admin\MiscController::jsonTranslationsSystemAction [2,"pimcore_admin_misc_jsontranslationssystem",[],{"language":"en"}] []
[2023-07-28T11:04:00.170828+02:00] admin_statistics.INFO: Pimcore\Bundle\AdminBundle\Controller\Admin\MiscController::getAvailableControllerReferencesAction [2,"pimcore_admin_misc_getavailablecontroller_references",[],{"page":"1","start":"0","limit":"25"}] []
[2023-07-28T11:04:00.187142+02:00] admin_statistics.INFO: Pimcore\Bundle\AdminBundle\Controller\Admin\MiscController::getAvailableTemplatesAction [2,"pimcore_admin_misc_getavailabletemplates",[],{"page":"1","start":"0","limit":"25"}] []
[2023-07-28T11:04:01.324538+02:00] admin_statistics.INFO: Pimcore\Bundle\AdminBundle\Controller\Admin\IndexController::statisticsAction [2,"pimcore_admin_index_statistics",[],[]] []
[2023-07-28T11:04:03.531092+02:00] admin_statistics.INFO: Pimcore\Bundle\AdminBundle\Controller\Admin\Document\DocumentController::getDocTypesAction [2,"pimcore_admin_document_document_getdoctypes",[],{"type":"page","query":"","page":"1","start":"0","limit":"25"}] []
[2023-07-28T11:04:08.581744+02:00] admin_statistics.INFO: Pimcore\Bundle\AdminBundle\Controller\Admin\Document\PageController::saveAction [2,"pimcore_admin_document_page_save",[],{"task":"autoSave","id":"5","data":"{}","settings":"{\"title\":\"Main\",\"description\":\"\",\"pretty..."}] []
[2023-07-28T11:04:15.144997+02:00] admin_statistics.INFO: Pimcore\Bundle\AdminBundle\Controller\Admin\Document\PageController::saveAction [2,"pimcore_admin_document_page_save",[],{"task":"publish","id":"5","data":"{}","settings":"{\"title\":\"Main\",\"description\":\"\",\"pretty..."}] []
[2023-07-28T11:04:15.384297+02:00] admin_statistics.INFO: Pimcore\Bundle\AdminBundle\Controller\Admin\ElementController::getVersionsAction [2,"pimcore_admin_element_getversions",[],{"id":"5","elementType":"document","page":"1","start":"0","limit":"25"}] []
[2023-07-28T11:04:18.287279+02:00] admin_statistics.INFO: Pimcore\Bundle\AdminBundle\Controller\Admin\Document\PageController::saveToSessionAction [2,"pimcore_admin_document_page_savetosession",[],{"id":"5","data":"{}","settings":"{\"title\":\"Main\",\"description\":\"\",\"pretty..."}] []
[2023-07-28T11:04:25.848440+02:00] admin_statistics.INFO: Pimcore\Bundle\AdminBundle\Controller\Admin\NotificationController::findLastUnreadAction [2,"pimcore_admin_notification_findlastunread",[],{"lastUpdate":"1690535036"}] []
[2023-07-28T11:04:31.834451+02:00] admin_statistics.INFO: Pimcore\Bundle\AdminBundle\Controller\Admin\ElementController::unlockElementAction [2,"pimcore_admin_element_unlockelement",[],{"id":"5","type":"document"}] []
[2023-07-28T11:04:31.848913+02:00] admin_statistics.INFO: Pimcore\Bundle\AdminBundle\Controller\Admin\Document\PageController::removeFromSessionAction [2,"pimcore_admin_document_page_removefromsession",[],{"id":"5"}] []
[2023-07-28T11:04:32.322359+02:00] admin_statistics.INFO: Pimcore\Bundle\AdminBundle\Controller\Admin\Document\PageController::getDataByIdAction [2,"pimcore_admin_document_page_getdatabyid",[],{"id":"5"}] []
[2023-07-28T11:04:32.698562+02:00] admin_statistics.INFO: Pimcore\Bundle\AdminBundle\Controller\Admin\MiscController::jsonTranslationsSystemAction [2,"pimcore_admin_misc_jsontranslationssystem",[],{"language":"en"}] []
[2023-07-28T11:04:55.853724+02:00] admin_statistics.INFO: Pimcore\Bundle\AdminBundle\Controller\Admin\NotificationController::findLastUnreadAction [2,"pimcore_admin_notification_findlastunread",[],{"lastUpdate":"1690535065"}] []
[2023-07-28T11:04:57.391140+02:00] admin_statistics.INFO: Pimcore\Bundle\AdminBundle\Controller\Admin\Document\PageController::saveToSessionAction [2,"pimcore_admin_document_page_savetosession",[],{"id":"5","data":"{}"}] []
[2023-07-28T11:11:24.665550+02:00] admin_statistics.INFO: Pimcore\Bundle\AdminBundle\Controller\Admin\NotificationController::findLastUnreadAction [2,"pimcore_admin_notification_findlastunread",[],{"lastUpdate":"1690535095"}] []
[2023-07-28T11:11:56.873569+02:00] admin_statistics.INFO: Pimcore\Bundle\AdminBundle\Controller\Admin\MiscController::pingAction [2,"pimcore_admin_misc_ping",[],[]] []
[2023-07-28T11:18:20.656784+02:00] admin_statistics.INFO: Pimcore\Bundle\AdminBundle\Controller\Admin\NotificationController::findLastUnreadAction [2,"pimcore_admin_notification_findlastunread",[],{"lastUpdate":"1690535484"}] []
[2023-07-28T11:26:55.865388+02:00] admin_statistics.INFO: Pimcore\Bundle\AdminBundle\Controller\Admin\MiscController::pingAction [2,"pimcore_admin_misc_ping",[],[]] []
